Determining size of off64_t failed with the following output:
Change Dir: C:/Users/Tobbe/Desktop/edan35/binaries/assimp/build/CMakeFiles/CMakeTmp

Run Build Command:"C:/Program Files (x86)/MSBuild/14.0/bin/MSBuild.exe" "cmTC_2ec4f.vcxproj" "/p:Configuration=Debug" "/p:VisualStudioVersion=14.0"
Microsoft (R) Build Engine version 14.0.25420.1
Copyright (C) Microsoft Corporation. All rights reserved.

Build started 2016-11-23 09:46:41.
Project "C:\Users\Tobbe\Desktop\edan35\binaries\assimp\build\CMakeFiles\CMakeTmp\cmTC_2ec4f.vcxproj" on node 1 (default targets).
PrepareForBuild:
  Creating directory "cmTC_2ec4f.dir\Debug\".
  Creating directory "C:\Users\Tobbe\Desktop\edan35\binaries\assimp\build\CMakeFiles\CMakeTmp\Debug\".
  Creating directory "cmTC_2ec4f.dir\Debug\cmTC_2ec4f.tlog\".
InitializeBuildStatus:
  Creating "cmTC_2ec4f.dir\Debug\cmTC_2ec4f.tlog\unsuccessfulbuild" because "AlwaysCreate" was specified.
ClCompile:
  D:\Program (x86)\Microsoft Visual Studio 14.0\VC\bin\x86_amd64\CL.exe /c /Zi /W3 /WX- /Od /Ob0 /D WIN32 /D _WINDOWS /D _DEBUG /D _LARGEFILE64_SOURCE=1 /D HAVE_SYS_TYPES_H /D HAVE_STDINT_H /D HAVE_STDDEF_H /D "CMAKE_INTDIR=\"Debug\"" /D _MBCS /Gm- /RTC1 /MDd /GS /fp:precise /Zc:wchar_t /Zc:forScope /Zc:inline /Fo"cmTC_2ec4f.dir\Debug\\" /Fd"cmTC_2ec4f.dir\Debug\vc140.pdb" /Gd /TC /errorReport:queue C:\Users\Tobbe\Desktop\edan35\binaries\assimp\build\CMakeFiles\CheckTypeSize\OFF64_T.c
  Microsoft (R) C/C++ Optimizing Compiler Version 19.00.24213.1 for x64
  Copyright (C) Microsoft Corporation.  All rights reserved.
  
  cl /c /Zi /W3 /WX- /Od /Ob0 /D WIN32 /D _WINDOWS /D _DEBUG /D _LARGEFILE64_SOURCE=1 /D HAVE_SYS_TYPES_H /D HAVE_STDINT_H /D HAVE_STDDEF_H /D "CMAKE_INTDIR=\"Debug\"" /D _MBCS /Gm- /RTC1 /MDd /GS /fp:precise /Zc:wchar_t /Zc:forScope /Zc:inline /Fo"cmTC_2ec4f.dir\Debug\\" /Fd"cmTC_2ec4f.dir\Debug\vc140.pdb" /Gd /TC /errorReport:queue C:\Users\Tobbe\Desktop\edan35\binaries\assimp\build\CMakeFiles\CheckTypeSize\OFF64_T.c
  
  OFF64_T.c
C:\Users\Tobbe\Desktop\edan35\binaries\assimp\build\CMakeFiles\CheckTypeSize\OFF64_T.c(19): error C2065: 'off64_t': undeclared identifier [C:\Users\Tobbe\Desktop\edan35\binaries\assimp\build\CMakeFiles\CMakeTmp\cmTC_2ec4f.vcxproj]
C:\Users\Tobbe\Desktop\edan35\binaries\assimp\build\CMakeFiles\CheckTypeSize\OFF64_T.c(20): error C2065: 'off64_t': undeclared identifier [C:\Users\Tobbe\Desktop\edan35\binaries\assimp\build\CMakeFiles\CMakeTmp\cmTC_2ec4f.vcxproj]
C:\Users\Tobbe\Desktop\edan35\binaries\assimp\build\CMakeFiles\CheckTypeSize\OFF64_T.c(21): error C2065: 'off64_t': undeclared identifier [C:\Users\Tobbe\Desktop\edan35\binaries\assimp\build\CMakeFiles\CMakeTmp\cmTC_2ec4f.vcxproj]
C:\Users\Tobbe\Desktop\edan35\binaries\assimp\build\CMakeFiles\CheckTypeSize\OFF64_T.c(22): error C2065: 'off64_t': undeclared identifier [C:\Users\Tobbe\Desktop\edan35\binaries\assimp\build\CMakeFiles\CMakeTmp\cmTC_2ec4f.vcxproj]
C:\Users\Tobbe\Desktop\edan35\binaries\assimp\build\CMakeFiles\CheckTypeSize\OFF64_T.c(23): error C2065: 'off64_t': undeclared identifier [C:\Users\Tobbe\Desktop\edan35\binaries\assimp\build\CMakeFiles\CMakeTmp\cmTC_2ec4f.vcxproj]
Done Building Project "C:\Users\Tobbe\Desktop\edan35\binaries\assimp\build\CMakeFiles\CMakeTmp\cmTC_2ec4f.vcxproj" (default targets) -- FAILED.

Build FAILED.

"C:\Users\Tobbe\Desktop\edan35\binaries\assimp\build\CMakeFiles\CMakeTmp\cmTC_2ec4f.vcxproj" (default target) (1) ->
(ClCompile target) -> 
  C:\Users\Tobbe\Desktop\edan35\binaries\assimp\build\CMakeFiles\CheckTypeSize\OFF64_T.c(19): error C2065: 'off64_t': undeclared identifier [C:\Users\Tobbe\Desktop\edan35\binaries\assimp\build\CMakeFiles\CMakeTmp\cmTC_2ec4f.vcxproj]
  C:\Users\Tobbe\Desktop\edan35\binaries\assimp\build\CMakeFiles\CheckTypeSize\OFF64_T.c(20): error C2065: 'off64_t': undeclared identifier [C:\Users\Tobbe\Desktop\edan35\binaries\assimp\build\CMakeFiles\CMakeTmp\cmTC_2ec4f.vcxproj]
  C:\Users\Tobbe\Desktop\edan35\binaries\assimp\build\CMakeFiles\CheckTypeSize\OFF64_T.c(21): error C2065: 'off64_t': undeclared identifier [C:\Users\Tobbe\Desktop\edan35\binaries\assimp\build\CMakeFiles\CMakeTmp\cmTC_2ec4f.vcxproj]
  C:\Users\Tobbe\Desktop\edan35\binaries\assimp\build\CMakeFiles\CheckTypeSize\OFF64_T.c(22): error C2065: 'off64_t': undeclared identifier [C:\Users\Tobbe\Desktop\edan35\binaries\assimp\build\CMakeFiles\CMakeTmp\cmTC_2ec4f.vcxproj]
  C:\Users\Tobbe\Desktop\edan35\binaries\assimp\build\CMakeFiles\CheckTypeSize\OFF64_T.c(23): error C2065: 'off64_t': undeclared identifier [C:\Users\Tobbe\Desktop\edan35\binaries\assimp\build\CMakeFiles\CMakeTmp\cmTC_2ec4f.vcxproj]

    0 Warning(s)
    5 Error(s)

Time Elapsed 00:00:00.37

C:/Users/Tobbe/Desktop/edan35/binaries/assimp/build/CMakeFiles/CheckTypeSize/OFF64_T.c:
#include <sys/types.h>
#include <stdint.h>
#include <stddef.h>


#undef KEY
#if defined(__i386)
# define KEY '_','_','i','3','8','6'
#elif defined(__x86_64)
# define KEY '_','_','x','8','6','_','6','4'
#elif defined(__ppc__)
# define KEY '_','_','p','p','c','_','_'
#elif defined(__ppc64__)
# define KEY '_','_','p','p','c','6','4','_','_'
#endif

#define SIZE (sizeof(off64_t))
char info_size[] =  {'I', 'N', 'F', 'O', ':', 's','i','z','e','[',
  ('0' + ((SIZE / 10000)%10)),
  ('0' + ((SIZE / 1000)%10)),
  ('0' + ((SIZE / 100)%10)),
  ('0' + ((SIZE / 10)%10)),
  ('0' +  (SIZE    % 10)),
  ']',
#ifdef KEY
  ' ','k','e','y','[', KEY, ']',
#endif
  '\0'};

#ifdef __CLASSIC_C__
int main(argc, argv) int argc; char *argv[];
#else
int main(int argc, char *argv[])
#endif
{
  int require = 0;
  require += info_size[argc];
  (void)argv;
  return require;
}


Determining if the function fseeko exists failed with the following output:
Change Dir: C:/Users/Tobbe/Desktop/edan35/binaries/assimp/build/CMakeFiles/CMakeTmp

Run Build Command:"C:/Program Files (x86)/MSBuild/14.0/bin/MSBuild.exe" "cmTC_12dfc.vcxproj" "/p:Configuration=Debug" "/p:VisualStudioVersion=14.0"
Microsoft (R) Build Engine version 14.0.25420.1
Copyright (C) Microsoft Corporation. All rights reserved.

Build started 2016-11-23 09:46:42.
Project "C:\Users\Tobbe\Desktop\edan35\binaries\assimp\build\CMakeFiles\CMakeTmp\cmTC_12dfc.vcxproj" on node 1 (default targets).
PrepareForBuild:
  Creating directory "cmTC_12dfc.dir\Debug\".
  Creating directory "C:\Users\Tobbe\Desktop\edan35\binaries\assimp\build\CMakeFiles\CMakeTmp\Debug\".
  Creating directory "cmTC_12dfc.dir\Debug\cmTC_12dfc.tlog\".
InitializeBuildStatus:
  Creating "cmTC_12dfc.dir\Debug\cmTC_12dfc.tlog\unsuccessfulbuild" because "AlwaysCreate" was specified.
ClCompile:
  D:\Program (x86)\Microsoft Visual Studio 14.0\VC\bin\x86_amd64\CL.exe /c /Zi /W3 /WX- /Od /Ob0 /D WIN32 /D _WINDOWS /D CHECK_FUNCTION_EXISTS=fseeko /D _DEBUG /D "CMAKE_INTDIR=\"Debug\"" /D _MBCS /Gm- /RTC1 /MDd /GS /fp:precise /Zc:wchar_t /Zc:forScope /Zc:inline /Fo"cmTC_12dfc.dir\Debug\\" /Fd"cmTC_12dfc.dir\Debug\vc140.pdb" /Gd /TC /errorReport:queue "C:\Program Files\CMake\share\cmake-3.6\Modules\CheckFunctionExists.c"
  Microsoft (R) C/C++ Optimizing Compiler Version 19.00.24213.1 for x64
  Copyright (C) Microsoft Corporation.  All rights reserved.
  
  cl /c /Zi /W3 /WX- /Od /Ob0 /D WIN32 /D _WINDOWS /D CHECK_FUNCTION_EXISTS=fseeko /D _DEBUG /D "CMAKE_INTDIR=\"Debug\"" /D _MBCS /Gm- /RTC1 /MDd /GS /fp:precise /Zc:wchar_t /Zc:forScope /Zc:inline /Fo"cmTC_12dfc.dir\Debug\\" /Fd"cmTC_12dfc.dir\Debug\vc140.pdb" /Gd /TC /errorReport:queue "C:\Program Files\CMake\share\cmake-3.6\Modules\CheckFunctionExists.c"
  
  CheckFunctionExists.c
Link:
  D:\Program (x86)\Microsoft Visual Studio 14.0\VC\bin\x86_amd64\link.exe /ERRORREPORT:QUEUE /OUT:"C:\Users\Tobbe\Desktop\edan35\binaries\assimp\build\CMakeFiles\CMakeTmp\Debug\cmTC_12dfc.exe" /INCREMENTAL /NOLOGO kernel32.lib user32.lib gdi32.lib winspool.lib shell32.lib ole32.lib oleaut32.lib uuid.lib comdlg32.lib advapi32.lib /MANIFEST /MANIFESTUAC:"level='asInvoker' uiAccess='false'" /manifest:embed /DEBUG /PDB:"C:/Users/Tobbe/Desktop/edan35/binaries/assimp/build/CMakeFiles/CMakeTmp/Debug/cmTC_12dfc.pdb" /SUBSYSTEM:CONSOLE /TLBID:1 /DYNAMICBASE /NXCOMPAT /IMPLIB:"C:/Users/Tobbe/Desktop/edan35/binaries/assimp/build/CMakeFiles/CMakeTmp/Debug/cmTC_12dfc.lib" /MACHINE:X64  /machine:x64 cmTC_12dfc.dir\Debug\CheckFunctionExists.obj
CheckFunctionExists.obj : error LNK2019: unresolved external symbol fseeko referenced in function main [C:\Users\Tobbe\Desktop\edan35\binaries\assimp\build\CMakeFiles\CMakeTmp\cmTC_12dfc.vcxproj]
C:\Users\Tobbe\Desktop\edan35\binaries\assimp\build\CMakeFiles\CMakeTmp\Debug\cmTC_12dfc.exe : fatal error LNK1120: 1 unresolved externals [C:\Users\Tobbe\Desktop\edan35\binaries\assimp\build\CMakeFiles\CMakeTmp\cmTC_12dfc.vcxproj]
Done Building Project "C:\Users\Tobbe\Desktop\edan35\binaries\assimp\build\CMakeFiles\CMakeTmp\cmTC_12dfc.vcxproj" (default targets) -- FAILED.

Build FAILED.

"C:\Users\Tobbe\Desktop\edan35\binaries\assimp\build\CMakeFiles\CMakeTmp\cmTC_12dfc.vcxproj" (default target) (1) ->
(Link target) -> 
  CheckFunctionExists.obj : error LNK2019: unresolved external symbol fseeko referenced in function main [C:\Users\Tobbe\Desktop\edan35\binaries\assimp\build\CMakeFiles\CMakeTmp\cmTC_12dfc.vcxproj]
  C:\Users\Tobbe\Desktop\edan35\binaries\assimp\build\CMakeFiles\CMakeTmp\Debug\cmTC_12dfc.exe : fatal error LNK1120: 1 unresolved externals [C:\Users\Tobbe\Desktop\edan35\binaries\assimp\build\CMakeFiles\CMakeTmp\cmTC_12dfc.vcxproj]

    0 Warning(s)
    2 Error(s)

Time Elapsed 00:00:00.53


Determining if the include file unistd.h exists failed with the following output:
Change Dir: C:/Users/Tobbe/Desktop/edan35/binaries/assimp/build/CMakeFiles/CMakeTmp

Run Build Command:"C:/Program Files (x86)/MSBuild/14.0/bin/MSBuild.exe" "cmTC_61234.vcxproj" "/p:Configuration=Debug" "/p:VisualStudioVersion=14.0"
Microsoft (R) Build Engine version 14.0.25420.1
Copyright (C) Microsoft Corporation. All rights reserved.

Build started 2016-11-23 09:46:43.
Project "C:\Users\Tobbe\Desktop\edan35\binaries\assimp\build\CMakeFiles\CMakeTmp\cmTC_61234.vcxproj" on node 1 (default targets).
PrepareForBuild:
  Creating directory "cmTC_61234.dir\Debug\".
  Creating directory "C:\Users\Tobbe\Desktop\edan35\binaries\assimp\build\CMakeFiles\CMakeTmp\Debug\".
  Creating directory "cmTC_61234.dir\Debug\cmTC_61234.tlog\".
InitializeBuildStatus:
  Creating "cmTC_61234.dir\Debug\cmTC_61234.tlog\unsuccessfulbuild" because "AlwaysCreate" was specified.
ClCompile:
  D:\Program (x86)\Microsoft Visual Studio 14.0\VC\bin\x86_amd64\CL.exe /c /Zi /W3 /WX- /Od /Ob0 /D WIN32 /D _WINDOWS /D _DEBUG /D "CMAKE_INTDIR=\"Debug\"" /D _MBCS /Gm- /RTC1 /MDd /GS /fp:precise /Zc:wchar_t /Zc:forScope /Zc:inline /Fo"cmTC_61234.dir\Debug\\" /Fd"cmTC_61234.dir\Debug\vc140.pdb" /Gd /TC /errorReport:queue C:\Users\Tobbe\Desktop\edan35\binaries\assimp\build\CMakeFiles\CMakeTmp\CheckIncludeFile.c
  Microsoft (R) C/C++ Optimizing Compiler Version 19.00.24213.1 for x64
  Copyright (C) Microsoft Corporation.  All rights reserved.
  
  cl /c /Zi /W3 /WX- /Od /Ob0 /D WIN32 /D _WINDOWS /D _DEBUG /D "CMAKE_INTDIR=\"Debug\"" /D _MBCS /Gm- /RTC1 /MDd /GS /fp:precise /Zc:wchar_t /Zc:forScope /Zc:inline /Fo"cmTC_61234.dir\Debug\\" /Fd"cmTC_61234.dir\Debug\vc140.pdb" /Gd /TC /errorReport:queue C:\Users\Tobbe\Desktop\edan35\binaries\assimp\build\CMakeFiles\CMakeTmp\CheckIncludeFile.c
  
  CheckIncludeFile.c
C:\Users\Tobbe\Desktop\edan35\binaries\assimp\build\CMakeFiles\CMakeTmp\CheckIncludeFile.c(1): fatal error C1083: Cannot open include file: 'unistd.h': No such file or directory [C:\Users\Tobbe\Desktop\edan35\binaries\assimp\build\CMakeFiles\CMakeTmp\cmTC_61234.vcxproj]
Done Building Project "C:\Users\Tobbe\Desktop\edan35\binaries\assimp\build\CMakeFiles\CMakeTmp\cmTC_61234.vcxproj" (default targets) -- FAILED.

Build FAILED.

"C:\Users\Tobbe\Desktop\edan35\binaries\assimp\build\CMakeFiles\CMakeTmp\cmTC_61234.vcxproj" (default target) (1) ->
(ClCompile target) -> 
  C:\Users\Tobbe\Desktop\edan35\binaries\assimp\build\CMakeFiles\CMakeTmp\CheckIncludeFile.c(1): fatal error C1083: Cannot open include file: 'unistd.h': No such file or directory [C:\Users\Tobbe\Desktop\edan35\binaries\assimp\build\CMakeFiles\CMakeTmp\cmTC_61234.vcxproj]

    0 Warning(s)
    1 Error(s)

Time Elapsed 00:00:00.34


